Replace Part C8 UMK107BBJ225KA-T - MLCC 0603 2.2uF 50VDC ±10% X5R in C:\Denizhan\ForkYedekleme\AltiumProjects\ESCDesignV1\MosfetDrivers.SchDoc with UMK107BBJ225KA-T - MLCC 0603 2.2uF 50VDC ±10% X5R from GeneralDASchematicsLib.SchLib
Replace Part C9 UMK107BBJ225KA-T - MLCC 0603 2.2uF 50VDC ±10% X5R in C:\Denizhan\ForkYedekleme\AltiumProjects\ESCDesignV1\MosfetDrivers.SchDoc with UMK107BBJ225KA-T - MLCC 0603 2.2uF 50VDC ±10% X5R from GeneralDASchematicsLib.SchLib
Replace Part C10 CC0805KKX7R9BB106 - MLCC 0805 10uF 50VDC ±10% X7R in C:\Denizhan\ForkYedekleme\AltiumProjects\ESCDesignV1\MosfetDrivers.SchDoc with CC0805KKX7R9BB106 - MLCC 0805 10uF 50VDC ±10% X7R from GeneralDASchematicsLib.SchLib
Replace Part C11 CC0805KKX7R9BB106 - MLCC 0805 10uF 50VDC ±10% X7R in C:\Denizhan\ForkYedekleme\AltiumProjects\ESCDesignV1\MosfetDrivers.SchDoc with CC0805KKX7R9BB106 - MLCC 0805 10uF 50VDC ±10% X7R from GeneralDASchematicsLib.SchLib
Replace Part C12 UMK107BBJ225KA-T - MLCC 0603 2.2uF 50VDC ±10% X5R in C:\Denizhan\ForkYedekleme\AltiumProjects\ESCDesignV1\MosfetDrivers.SchDoc with UMK107BBJ225KA-T - MLCC 0603 2.2uF 50VDC ±10% X5R from GeneralDASchematicsLib.SchLib
Replace Part C13 CC0805KKX7R9BB106 - MLCC 0805 10uF 50VDC ±10% X7R in C:\Denizhan\ForkYedekleme\AltiumProjects\ESCDesignV1\MosfetDrivers.SchDoc with CC0805KKX7R9BB106 - MLCC 0805 10uF 50VDC ±10% X7R from GeneralDASchematicsLib.SchLib
Replace Part D2 1N4148-35_AY_10001 - DIODE SWITCHING Single 500mA 100V THT DO35 in C:\Denizhan\ForkYedekleme\AltiumProjects\ESCDesignV1\MosfetDrivers.SchDoc with 1N4148-35_AY_10001 - DIODE SWITCHING Single 500mA 100V THT DO35 from GeneralDASchematicsLib.SchLib
Replace Part D3 1N4148-35_AY_10001 - DIODE SWITCHING Single 500mA 100V THT DO35 in C:\Denizhan\ForkYedekleme\AltiumProjects\ESCDesignV1\MosfetDrivers.SchDoc with 1N4148-35_AY_10001 - DIODE SWITCHING Single 500mA 100V THT DO35 from GeneralDASchematicsLib.SchLib
Replace Part D4 1N4148-35_AY_10001 - DIODE SWITCHING Single 500mA 100V THT DO35 in C:\Denizhan\ForkYedekleme\AltiumProjects\ESCDesignV1\MosfetDrivers.SchDoc with 1N4148-35_AY_10001 - DIODE SWITCHING Single 500mA 100V THT DO35 from GeneralDASchematicsLib.SchLib
Replace Part IC2 IRLR7843TRPBF - MOSFET DIS.161A 30V N-CH TO252(DPAK) HEXFET SMT in C:\Denizhan\ForkYedekleme\AltiumProjects\ESCDesignV1\MosfetDrivers.SchDoc with IRLR7843TRPBF - MOSFET DIS.161A 30V N-CH TO252(DPAK) HEXFET SMT from GeneralDASchematicsLib.SchLib
Replace Part IC3 IRLR7843TRPBF - MOSFET DIS.161A 30V N-CH TO252(DPAK) HEXFET SMT in C:\Denizhan\ForkYedekleme\AltiumProjects\ESCDesignV1\MosfetDrivers.SchDoc with IRLR7843TRPBF - MOSFET DIS.161A 30V N-CH TO252(DPAK) HEXFET SMT from GeneralDASchematicsLib.SchLib
Replace Part IC4 IRLR7843TRPBF - MOSFET DIS.161A 30V N-CH TO252(DPAK) HEXFET SMT in C:\Denizhan\ForkYedekleme\AltiumProjects\ESCDesignV1\MosfetDrivers.SchDoc with IRLR7843TRPBF - MOSFET DIS.161A 30V N-CH TO252(DPAK) HEXFET SMT from GeneralDASchematicsLib.SchLib
Replace Part IC5 IRLR7843TRPBF - MOSFET DIS.161A 30V N-CH TO252(DPAK) HEXFET SMT in C:\Denizhan\ForkYedekleme\AltiumProjects\ESCDesignV1\MosfetDrivers.SchDoc with IRLR7843TRPBF - MOSFET DIS.161A 30V N-CH TO252(DPAK) HEXFET SMT from GeneralDASchematicsLib.SchLib
Replace Part IC6 IRLR7843TRPBF - MOSFET DIS.161A 30V N-CH TO252(DPAK) HEXFET SMT in C:\Denizhan\ForkYedekleme\AltiumProjects\ESCDesignV1\MosfetDrivers.SchDoc with IRLR7843TRPBF - MOSFET DIS.161A 30V N-CH TO252(DPAK) HEXFET SMT from GeneralDASchematicsLib.SchLib
Replace Part IC7 IRLR7843TRPBF - MOSFET DIS.161A 30V N-CH TO252(DPAK) HEXFET SMT in C:\Denizhan\ForkYedekleme\AltiumProjects\ESCDesignV1\MosfetDrivers.SchDoc with IRLR7843TRPBF - MOSFET DIS.161A 30V N-CH TO252(DPAK) HEXFET SMT from GeneralDASchematicsLib.SchLib
Replace Part R6 CQ03SAF1000T5E - 0603 100 Ohms 1% 1/10W AUTOMOTIV in C:\Denizhan\ForkYedekleme\AltiumProjects\ESCDesignV1\MosfetDrivers.SchDoc with CQ03SAF1000T5E - 0603 100 Ohms 1% 1/10W AUTOMOTIV from GeneralDASchematicsLib.SchLib
Replace Part R7 CQ03SAF1000T5E - 0603 100 Ohms 1% 1/10W AUTOMOTIV in C:\Denizhan\ForkYedekleme\AltiumProjects\ESCDesignV1\MosfetDrivers.SchDoc with CQ03SAF1000T5E - 0603 100 Ohms 1% 1/10W AUTOMOTIV from GeneralDASchematicsLib.SchLib
Replace Part R8 CQ03SAF1000T5E - 0603 100 Ohms 1% 1/10W AUTOMOTIV in C:\Denizhan\ForkYedekleme\AltiumProjects\ESCDesignV1\MosfetDrivers.SchDoc with CQ03SAF1000T5E - 0603 100 Ohms 1% 1/10W AUTOMOTIV from GeneralDASchematicsLib.SchLib
Replace Part R9 CQ03SAF1000T5E - 0603 100 Ohms 1% 1/10W AUTOMOTIV in C:\Denizhan\ForkYedekleme\AltiumProjects\ESCDesignV1\MosfetDrivers.SchDoc with CQ03SAF1000T5E - 0603 100 Ohms 1% 1/10W AUTOMOTIV from GeneralDASchematicsLib.SchLib
Replace Part R10 CQ03SAF1000T5E - 0603 100 Ohms 1% 1/10W AUTOMOTIV in C:\Denizhan\ForkYedekleme\AltiumProjects\ESCDesignV1\MosfetDrivers.SchDoc with CQ03SAF1000T5E - 0603 100 Ohms 1% 1/10W AUTOMOTIV from GeneralDASchematicsLib.SchLib
Replace Part R11 CQ03SAF1000T5E - 0603 100 Ohms 1% 1/10W AUTOMOTIV in C:\Denizhan\ForkYedekleme\AltiumProjects\ESCDesignV1\MosfetDrivers.SchDoc with CQ03SAF1000T5E - 0603 100 Ohms 1% 1/10W AUTOMOTIV from GeneralDASchematicsLib.SchLib
Replace Part U1 IR2101 in C:\Denizhan\ForkYedekleme\AltiumProjects\ESCDesignV1\MosfetDrivers.SchDoc with IR2101 from GeneralDASchematicsLib.SchLib
Replace Part U2 IR2101 in C:\Denizhan\ForkYedekleme\AltiumProjects\ESCDesignV1\MosfetDrivers.SchDoc with IR2101 from GeneralDASchematicsLib.SchLib
Replace Part U3 IR2101 in C:\Denizhan\ForkYedekleme\AltiumProjects\ESCDesignV1\MosfetDrivers.SchDoc with IR2101 from GeneralDASchematicsLib.SchLib
