Added Component: Designator=C14(0603_UNP_Cap)
Add component (AddParameter): Name = "Capacitor Type"; Value = "Ceramic"; VariantName = "[No Variations]"
Add component (AddParameter): Name = "Capacitor Value"; Value = "18pF"; VariantName = "[No Variations]"
Add component (AddParameter): Name = "ComponentLink1Description"; Value = "New link"; VariantName = "[No Variations]"
Add component (AddParameter): Name = "ComponentLink1URL"; Value = "https://www.ozdisan.com/passive-components/resistors/smt-smd-and-chip-resistors/PS03W4F1003T5E/592727"; VariantName = "[No Variations]"
Add component (AddParameter): Name = "Library Ref"; Value = "Capacitors"; VariantName = "[No Variations]"
Add component (AddParameter): Name = "Manufacturer"; Value = "VIKING"; VariantName = "[No Variations]"
Add component (AddParameter): Name = "Max Working Voltage"; Value = "50VDC"; VariantName = "[No Variations]"
Add component (AddParameter): Name = "Package / Case"; Value = "0603"; VariantName = "[No Variations]"
Add component (AddParameter): Name = "Part Number"; Value = "MCF03MTX250106"; VariantName = "[No Variations]"
Added Component: Designator=C15(0603_UNP_Cap)
Add component (AddParameter): Name = "Capacitor Type"; Value = "Ceramic"; VariantName = "[No Variations]"
Add component (AddParameter): Name = "Capacitor Value"; Value = "18pF"; VariantName = "[No Variations]"
Add component (AddParameter): Name = "ComponentLink1Description"; Value = "New link"; VariantName = "[No Variations]"
Add component (AddParameter): Name = "ComponentLink1URL"; Value = "https://www.ozdisan.com/passive-components/resistors/smt-smd-and-chip-resistors/PS03W4F1003T5E/592727"; VariantName = "[No Variations]"
Add component (AddParameter): Name = "Library Ref"; Value = "Capacitors"; VariantName = "[No Variations]"
Add component (AddParameter): Name = "Manufacturer"; Value = "VIKING"; VariantName = "[No Variations]"
Add component (AddParameter): Name = "Max Working Voltage"; Value = "50VDC"; VariantName = "[No Variations]"
Add component (AddParameter): Name = "Package / Case"; Value = "0603"; VariantName = "[No Variations]"
Add component (AddParameter): Name = "Part Number"; Value = "MCF03MTX250106"; VariantName = "[No Variations]"
Added Component: Designator=P1(1x3 Pin Female Header 2.54mm)
Add component (AddParameter): Name = "Library Ref"; Value = "Header"; VariantName = "[No Variations]"
Added Component: Designator=Y1(16MHZ_CrsytalOscillator)
Add component (AddParameter): Name = "Button Size"; Value = "12mm"; VariantName = "[No Variations]"
Add component (AddParameter): Name = "Library Ref"; Value = "Oscillator"; VariantName = "[No Variations]"
Add component (AddParameter): Name = "Oscillator Type"; Value = "Crystal"; VariantName = "[No Variations]"
Add component (AddParameter): Name = "Package / Case"; Value = "SMD"; VariantName = "[No Variations]"
Add component (AddParameter): Name = "Part Number"; Value = "AS-16.000-20-SMD-TR"; VariantName = "[No Variations]"
Added Pin To Net: NetName=GND Pin=C14-1
Added Pin To Net: NetName=XTAL1 Pin=C14-2
Added Pin To Net: NetName=GND Pin=C15-1
Added Pin To Net: NetName=XTAL2 Pin=C15-2
Added Pin To Net: NetName=POWER_LED Pin=P1-1
Added Pin To Net: NetName=PWM_READ Pin=P1-2
Added Pin To Net: NetName=GND Pin=P1-3
Added Pin To Net: NetName=XTAL1 Pin=Y1-1
Added Pin To Net: NetName=XTAL2 Pin=Y1-2
Added Member To Class: ClassName=Atmega328PB Member=Component C14 18pF 50VDC
Added Member To Class: ClassName=Atmega328PB Member=Component C15 18pF 50VDC
Added Member To Class: ClassName=Atmega328PB Member=Component P1 3-Pin Female Header 2.54mm
Added Member To Class: ClassName=Atmega328PB Member=Component Y1 CRYSTAL 16MHZ 20PF
