Removed Pin From Net: NetName=POWER_LED Pin=D5-A
Removed Pin From Net: NetName=A0 Pin=U4-1
Removed Pin From Net: NetName=A1 Pin=U4-2
Removed Pin From Net: NetName=A2 Pin=U4-9
Removed Pin From Net: NetName=NetU1_2 Pin=U4-23
Removed Pin From Net: NetName=NetU1_3 Pin=U4-24
Removed Pin From Net: NetName=NetU3_2 Pin=U4-25
Removed Pin From Net: NetName=NetU2_2 Pin=U4-27
Removed Pin From Net: NetName=NetU2_3 Pin=U4-28
Removed Pin From Net: NetName=PD2 Pin=U4-32
Removed Member From Class: ClassName=Atmega328PB Member=D5
Add Component: Footprint Not Found 1x3 Pin Female Header 2.54mm
Add Pin To Net: Unknown Pin: Pin P?-1
Add Pin To Net: Unknown Pin: Pin P?-3
Added Pin To Net: NetName=PD2 Pin=U4-1
Added Pin To Net: NetName=NetU1_3 Pin=U4-9
Added Pin To Net: NetName=NetU1_2 Pin=U4-10
Added Pin To Net: NetName=NetU2_3 Pin=U4-13
Added Pin To Net: NetName=NetU2_2 Pin=U4-14
Added Pin To Net: NetName=A0 Pin=U4-23
Added Pin To Net: NetName=A1 Pin=U4-24
Added Pin To Net: NetName=A2 Pin=U4-25
Added Pin To Net: NetName=NetU3_2 Pin=U4-27
Change Net Name : Old Net Name=PD2 New Net Name=PD3
Added Pin To Net: NetName=PWM_READ Pin=U4-32
Added Net: Name=PWM_READ
Add Class Member: Failed to add class member : Component P? 3-Pin Female Header 2.54mm
