Change component parameters: Designator = "C8" ("C8"); Footprint = "0603_UnP_Capacitor"; UniqueID = "\GLIXGRIV" ("\GLIXGRIV")
Change component parameters (AddParameter): Name = "Capacitor Type"; Value = "Ceramic"; VariantName = "[No Variations]"
Change component parameters (AddParameter): Name = "Capacitor Value"; Value = "2.2uF"; VariantName = "[No Variations]"
Change component parameters (AddParameter): Name = "ComponentLink1Description"; Value = "New link"; VariantName = "[No Variations]"
Change component parameters (AddParameter): Name = "ComponentLink1URL"; Value = "https://www.ozdisan.com/passive-components/resistors/smt-smd-and-chip-resistors/PS03W4F1003T5E/592727"; VariantName = "[No Variations]"
Change component parameters (AddParameter): Name = "Library Ref"; Value = "Capacitors"; VariantName = "[No Variations]"
Change component parameters (AddParameter): Name = "Manufacturer"; Value = "YUDEN"; VariantName = "[No Variations]"
Change component parameters (AddParameter): Name = "Max Working Voltage"; Value = "50V"; VariantName = "[No Variations]"
Change component parameters (AddParameter): Name = "Package / Case"; Value = "0603"; VariantName = "[No Variations]"
Change component parameters (AddParameter): Name = "Part Number"; Value = "UMK107BBJ225KA-T"; VariantName = "[No Variations]"
Change component parameters: Designator = "C9" ("C9"); Footprint = "0603_UnP_Capacitor"; UniqueID = "\JAHDYMUS" ("\JAHDYMUS")
Change component parameters (AddParameter): Name = "Capacitor Type"; Value = "Ceramic"; VariantName = "[No Variations]"
Change component parameters (AddParameter): Name = "Capacitor Value"; Value = "2.2uF"; VariantName = "[No Variations]"
Change component parameters (AddParameter): Name = "ComponentLink1Description"; Value = "New link"; VariantName = "[No Variations]"
Change component parameters (AddParameter): Name = "ComponentLink1URL"; Value = "https://www.ozdisan.com/passive-components/resistors/smt-smd-and-chip-resistors/PS03W4F1003T5E/592727"; VariantName = "[No Variations]"
Change component parameters (AddParameter): Name = "Library Ref"; Value = "Capacitors"; VariantName = "[No Variations]"
Change component parameters (AddParameter): Name = "Manufacturer"; Value = "YUDEN"; VariantName = "[No Variations]"
Change component parameters (AddParameter): Name = "Max Working Voltage"; Value = "50V"; VariantName = "[No Variations]"
Change component parameters (AddParameter): Name = "Package / Case"; Value = "0603"; VariantName = "[No Variations]"
Change component parameters (AddParameter): Name = "Part Number"; Value = "UMK107BBJ225KA-T"; VariantName = "[No Variations]"
Change component parameters: Designator = "C12" ("C12"); Footprint = "0603_UnP_Capacitor"; UniqueID = "\WGTLHPEM" ("\WGTLHPEM")
Change component parameters (AddParameter): Name = "Capacitor Type"; Value = "Ceramic"; VariantName = "[No Variations]"
Change component parameters (AddParameter): Name = "Capacitor Value"; Value = "2.2uF"; VariantName = "[No Variations]"
Change component parameters (AddParameter): Name = "ComponentLink1Description"; Value = "New link"; VariantName = "[No Variations]"
Change component parameters (AddParameter): Name = "ComponentLink1URL"; Value = "https://www.ozdisan.com/passive-components/resistors/smt-smd-and-chip-resistors/PS03W4F1003T5E/592727"; VariantName = "[No Variations]"
Change component parameters (AddParameter): Name = "Library Ref"; Value = "Capacitors"; VariantName = "[No Variations]"
Change component parameters (AddParameter): Name = "Manufacturer"; Value = "YUDEN"; VariantName = "[No Variations]"
Change component parameters (AddParameter): Name = "Max Working Voltage"; Value = "50V"; VariantName = "[No Variations]"
Change component parameters (AddParameter): Name = "Package / Case"; Value = "0603"; VariantName = "[No Variations]"
Change component parameters (AddParameter): Name = "Part Number"; Value = "UMK107BBJ225KA-T"; VariantName = "[No Variations]"
Change component parameters: Designator = "R1" ("R1"); Footprint = "0603_Resistor_Case"; UniqueID = "\IWGHIJYL" ("\IWGHIJYL")
Change component parameters (AddParameter): Name = "ComponentLink1Description"; Value = "New link"; VariantName = "[No Variations]"
Change component parameters (AddParameter): Name = "ComponentLink1URL"; Value = "https://www.ozdisan.com/passive-components/resistors/smt-smd-and-chip-resistors/PS03W4F1003T5E/592727"; VariantName = "[No Variations]"
Change component parameters (AddParameter): Name = "Library Ref"; Value = "Resistors"; VariantName = "[No Variations]"
Change component parameters (AddParameter): Name = "Manufacturer"; Value = "ROYALOHM"; VariantName = "[No Variations]"
Change component parameters (AddParameter): Name = "Max Working Voltage"; Value = "50V"; VariantName = "[No Variations]"
Change component parameters (AddParameter): Name = "Package / Case"; Value = "0603"; VariantName = "[No Variations]"
Change component parameters (AddParameter): Name = "Part Number"; Value = "PS03W4F1003T5E"; VariantName = "[No Variations]"
Change component parameters (AddParameter): Name = "Power (Watts)"; Value = "1/4W"; VariantName = "[No Variations]"
Change component parameters (AddParameter): Name = "Resistor Value"; Value = "100K Ohms"; VariantName = "[No Variations]"
Change component parameters: Designator = "R3" ("R3"); Footprint = "0603_Resistor_Case"; UniqueID = "\JWHDREDA" ("\JWHDREDA")
Change component parameters (AddParameter): Name = "ComponentLink1Description"; Value = "New link"; VariantName = "[No Variations]"
Change component parameters (AddParameter): Name = "ComponentLink1URL"; Value = "https://www.ozdisan.com/passive-components/resistors/smt-smd-and-chip-resistors/PS03W4F1003T5E/592727"; VariantName = "[No Variations]"
Change component parameters (AddParameter): Name = "Library Ref"; Value = "Resistors"; VariantName = "[No Variations]"
Change component parameters (AddParameter): Name = "Manufacturer"; Value = "ROYALOHM"; VariantName = "[No Variations]"
Change component parameters (AddParameter): Name = "Max Working Voltage"; Value = "50V"; VariantName = "[No Variations]"
Change component parameters (AddParameter): Name = "Package / Case"; Value = "0603"; VariantName = "[No Variations]"
Change component parameters (AddParameter): Name = "Part Number"; Value = "RI0603L104JT"; VariantName = "[No Variations]"
Change component parameters (AddParameter): Name = "Power (Watts)"; Value = "1/10W"; VariantName = "[No Variations]"
Change component parameters (AddParameter): Name = "Resistor Value"; Value = "44.2K Ohms"; VariantName = "[No Variations]"
Change component parameters: Designator = "R4" ("R4"); Footprint = "0603_Resistor_Case"; UniqueID = "\XIPFOTWL" ("\XIPFOTWL")
Change component parameters (AddParameter): Name = "ComponentLink1Description"; Value = "New link"; VariantName = "[No Variations]"
Change component parameters (AddParameter): Name = "ComponentLink1URL"; Value = "https://www.ozdisan.com/passive-components/resistors/smt-smd-and-chip-resistors/PS03W4F1003T5E/592727"; VariantName = "[No Variations]"
Change component parameters (AddParameter): Name = "Library Ref"; Value = "Resistors"; VariantName = "[No Variations]"
Change component parameters (AddParameter): Name = "Manufacturer"; Value = "HOTTECH"; VariantName = "[No Variations]"
Change component parameters (AddParameter): Name = "Max Working Voltage"; Value = "75V"; VariantName = "[No Variations]"
Change component parameters (AddParameter): Name = "Package / Case"; Value = "0603"; VariantName = "[No Variations]"
Change component parameters (AddParameter): Name = "Part Number"; Value = "PS03W4F1003T5E"; VariantName = "[No Variations]"
Change component parameters (AddParameter): Name = "Power (Watts)"; Value = "1/10W"; VariantName = "[No Variations]"
Change component parameters (AddParameter): Name = "Resistor Value"; Value = "10K Ohms"; VariantName = "[No Variations]"
Change component parameters: Designator = "R5" ("R5"); Footprint = "0603_Resistor_Case"; UniqueID = "\TONBYTGZ" ("\TONBYTGZ")
Change component parameters (AddParameter): Name = "ComponentLink1Description"; Value = "New link"; VariantName = "[No Variations]"
Change component parameters (AddParameter): Name = "ComponentLink1URL"; Value = "https://www.ozdisan.com/passive-components/resistors/smt-smd-and-chip-resistors/PS03W4F1003T5E/592727"; VariantName = "[No Variations]"
Change component parameters (AddParameter): Name = "Library Ref"; Value = "Resistors"; VariantName = "[No Variations]"
Change component parameters (AddParameter): Name = "Manufacturer"; Value = "YAGEO"; VariantName = "[No Variations]"
Change component parameters (AddParameter): Name = "Max Working Voltage"; Value = "75V"; VariantName = "[No Variations]"
Change component parameters (AddParameter): Name = "Package / Case"; Value = "0603"; VariantName = "[No Variations]"
Change component parameters (AddParameter): Name = "Part Number"; Value = "RC0603JR-076K8L"; VariantName = "[No Variations]"
Change component parameters (AddParameter): Name = "Power (Watts)"; Value = "1/10W"; VariantName = "[No Variations]"
Change component parameters (AddParameter): Name = "Resistor Value"; Value = "6.8K Ohms"; VariantName = "[No Variations]"
Change component parameters: Designator = "U4" ("U4"); Footprint = "ATMEGA328PB-AU"; UniqueID = "\FYUPCCTW" ("\FYUPCCTW")
Change component parameters (AddParameter): Name = "Availability"; Value = "Unavailable"; VariantName = "[No Variations]"
Change component parameters (AddParameter): Name = "Library Ref"; Value = "Microprocessors"; VariantName = "[No Variations]"
Change component parameters (AddParameter): Name = "MF"; Value = "{'manufacturer': u'Microchip Technology'}"; VariantName = "[No Variations]"
Change component parameters (AddParameter): Name = "Name"; Value = "ATMEGA328PB-AU"; VariantName = "[No Variations]"
Change component parameters (AddParameter): Name = "Package / Case"; Value = "SMD"; VariantName = "[No Variations]"
Change component parameters (AddParameter): Name = "Price"; Value = "None"; VariantName = "[No Variations]"
Add Component: Footprint Not Found 0603_UnP_Capacitor
Add Component: Footprint Not Found 0603_UNP_Capacitor
Add Component: Footprint Not Found 1x3 Pin Female Header 2.54mm
Add Component: Footprint Not Found 16MHZ_CrsytalOscillator
Add Pin To Net: Unknown Pin: Pin C14-1
Add Pin To Net: Unknown Pin: Pin C14-2
Add Pin To Net: Unknown Pin: Pin C15-1
Add Pin To Net: Unknown Pin: Pin C15-2
Add Pin To Net: Unknown Pin: Pin P1-1
Add Pin To Net: Unknown Pin: Pin P1-2
Add Pin To Net: Unknown Pin: Pin P1-3
Add Pin To Net: Unknown Pin: Pin Y1-1
Add Pin To Net: Unknown Pin: Pin Y1-2
Add Class Member: Failed to add class member : Component C14 18pF 50VDC
Add Class Member: Failed to add class member : Component C15 18pF 50VDC
Add Class Member: Failed to add class member : Component P1 3-Pin Female Header 2.54mm
Add Class Member: Failed to add class member : Component Y1 CRYSTAL 16MHZ 20PF
