Removed Pin From Net: NetName=NetC1_2 Pin=IC1-1
Removed Pin From Net: NetName=VCC Pin=IC1-2
Removed Pin From Net: NetName=NetC1_1 Pin=IC1-3
Removed Pin From Net: NetName=GND Pin=IC1-4
Removed Pin From Net: NetName=NetR3_2 Pin=IC1-5
Removed Pin From Net: NetName=NetC7_2 Pin=IC1-6
Removed Pin From Net: NetName=NetC3_2 Pin=IC1-8
Removed Member From Class: ClassName=MP2307 Member=IC1
Added Component: Designator=IC?(MP2307_SOIC127P600X170_HS-9N)
Add component (AddParameter): Name = "Converter Type"; Value = "Buck"; VariantName = "[No Variations]"
Add component (AddParameter): Name = "Library Ref"; Value = "Voltage Regulators"; VariantName = "[No Variations]"
Add component (AddParameter): Name = "Package / Case"; Value = "SMD"; VariantName = "[No Variations]"
Added Pin To Net: NetName=NetC1_2 Pin=IC?-1
Added Pin To Net: NetName=VCC Pin=IC?-2
Added Pin To Net: NetName=NetC1_1 Pin=IC?-3
Added Pin To Net: NetName=GND Pin=IC?-4
Added Pin To Net: NetName=NetR3_2 Pin=IC?-5
Added Pin To Net: NetName=NetC7_2 Pin=IC?-6
Added Pin To Net: NetName=NetR1_1 Pin=IC?-7
Added Pin To Net: NetName=NetC3_2 Pin=IC?-8
Added Member To Class: ClassName=MP2307 Member=Component IC? Buck Converter
