Change Component Designator: OldDesignator=3 NewDesignator=IC1
Added Component: Designator=P1(HDR1X7)
Add component (AddParameter): Name = "LatestRevisionDate"; Value = "17-Jul-2002"; VariantName = "[No Variations]"
Add component (AddParameter): Name = "LatestRevisionNote"; Value = "Re-released for DXP Platform."; VariantName = "[No Variations]"
Add component (AddParameter): Name = "Publisher"; Value = "Altium Limited"; VariantName = "[No Variations]"
Added Component: Designator=Y1(16MHZ_CrsytalOscillator)
Add component (AddParameter): Name = "Button Size"; Value = "12mm"; VariantName = "[No Variations]"
Add component (AddParameter): Name = "Library Ref"; Value = "Oscillator"; VariantName = "[No Variations]"
Add component (AddParameter): Name = "Oscillator Type"; Value = "Crystal"; VariantName = "[No Variations]"
Add component (AddParameter): Name = "Package / Case"; Value = "SMD"; VariantName = "[No Variations]"
Add component (AddParameter): Name = "Part Number"; Value = "AS-16.000-20-SMD-TR"; VariantName = "[No Variations]"
Added Pin To Net: NetName=MCU_MOSI Pin=P1-1
Added Pin To Net: NetName=MCU_MISO Pin=P1-2
Added Pin To Net: NetName=MCU_SCK0 Pin=P1-3
Added Pin To Net: NetName=MCU_RESET Pin=P1-4
Added Pin To Net: NetName=NetD5_C Pin=P1-6
Added Pin To Net: NetName=GND Pin=P1-7
Added Pin To Net: NetName=XTAL1 Pin=Y1-1
Added Pin To Net: NetName=XTAL2 Pin=Y1-2
Added Member To Class: ClassName=Atmega328PB Member=Component P1 Header 7
Added Member To Class: ClassName=Atmega328PB Member=Component Y1 CRYSTAL 16MHZ 20PF
